FILE_TYPE=LIBRARY_PARTS;
PRIMITIVE 'C0603C104K1RACAUTO','C0603C104K1RACAUTO_Capacitor Chip Non-polarised';
  PIN
    '1':
      PIN_NUMBER='(1)';
      NO_LOAD_CHECK=BOTH;
      NO_IO_CHECK=BOTH;
      ALLOW_CONNECT=TRUE;
      PINUSE='UNSPEC';
    '2':
      PIN_NUMBER='(2)';
      NO_LOAD_CHECK=BOTH;
      NO_IO_CHECK=BOTH;
      ALLOW_CONNECT=TRUE;
      PINUSE='UNSPEC';
  END_PIN;
  BODY
    PART_NAME='C0603C104K1RACAUTO';
    PHYS_DES_PREFIX='C';
    NO_LOAD_CHECK='TRUE';
    PIN_COUNT='2';
    BODY_NAME='C0603C104K1RACAUTO';
    JEDEC_TYPE='CAPC1608X95N';
  END_BODY;
END_PRIMITIVE;
END.
