FILE_TYPE=LIBRARY_PARTS;
PRIMITIVE 'PMR100HZPFU5L00','PMR100HZPFU5L00_Resistor Chip';
  PIN
    '1':
      PIN_NUMBER='(1)';
      NO_LOAD_CHECK=BOTH;
      NO_IO_CHECK=BOTH;
      ALLOW_CONNECT=TRUE;
      PINUSE='UNSPEC';
    '2':
      PIN_NUMBER='(2)';
      NO_LOAD_CHECK=BOTH;
      NO_IO_CHECK=BOTH;
      ALLOW_CONNECT=TRUE;
      PINUSE='UNSPEC';
  END_PIN;
  BODY
    PART_NAME='PMR100HZPFU5L00';
    PHYS_DES_PREFIX='R';
    NO_LOAD_CHECK='TRUE';
    PIN_COUNT='2';
    BODY_NAME='PMR100HZPFU5L00';
    JEDEC_TYPE='RESC6432X67N';
  END_BODY;
END_PRIMITIVE;
END.
